<?xml version="1.0" encoding="UTF-8"?>
<!-- Generated by org.testng.reporters.JUnitReportReporter -->
<testsuite hostname="FONNOIDSK92" name="com.devops.src.testcases.Payment" tests="1" failures="0" timestamp="2 Jun 2016 06:52:08 GMT" time="28.883" errors="0">
  <testcase name="Payment_Select_UserTitle_Input_AdultName_Fields_EmailAddress_MobileNumber_Click_MakePayment_Button_ValidateFunctionality" time="28.883" classname="com.devops.src.testcases.Payment"/>
</testsuite> <!-- com.devops.src.testcases.Payment -->
