<?xml version="1.0" encoding="UTF-8"?>
<!-- Generated by org.testng.reporters.JUnitReportReporter -->
<testsuite hostname="FONNOIDSK92" name="com.devops.src.testcases.Booking" tests="2" failures="0" timestamp="2 Jun 2016 06:52:08 GMT" time="37.022" errors="0">
  <testcase name="FlightBooking_Select_Lowest_ArrivalFare_Lowest_DepartureFare_Click_Book_Button_ValidateFunctionality" time="28.246" classname="com.devops.src.testcases.Booking"/>
  <testcase name="FlightBooking_Enter_Empty_Source_Empty_Destination_Select_DepartureDate_ReturnDate_Click_Search_Button_ValidateFunctionality" time="8.776" classname="com.devops.src.testcases.Booking"/>
</testsuite> <!-- com.devops.src.testcases.Booking -->
